TN:
SF:D:\Programming\React\react-chat-application\pubnub-react\src\utils\fire-action.js
FN:10,fireAction
FNF:1
FNH:1
FNDA:1,fireAction
DA:10,1
LF:1
LH:1
BRDA:10,1,0,0
BRDA:10,1,1,1
BRDA:10,2,0,1
BRDA:10,2,1,0
BRF:4
BRH:2
end_of_record
TN:
SF:D:\Programming\React\react-chat-application\pubnub-react\src\utils\immutable-to-js.js
FN:12,immutableToJS
FN:13,(anonymous_2)
FNF:2
FNH:2
FNDA:2,immutableToJS
FNDA:2,(anonymous_2)
DA:12,1
LF:1
LH:1
BRDA:15,1,0,1
BRDA:15,1,1,1
BRF:2
BRH:2
end_of_record
TN:
SF:D:\Programming\React\react-chat-application\pubnub-react\src\utils\is-promise.js
FN:7,isPromise
FNF:1
FNH:1
FNDA:5,isPromise
DA:7,1
LF:1
LH:1
BRDA:8,1,0,5
BRDA:8,1,1,5
BRDA:8,1,2,3
BRF:3
BRH:3
end_of_record
